[2023-06-16 00:37:18] production.ERROR: Command "nova" is not defined. {"exception":"[object] (Symfony\\Component\\Console\\Exception\\CommandNotFoundException(code: 0): Command \"nova\" is not defined. at C:\\laragon\\www\\laravel-bond\\vendor\\symfony\\console\\Application.php:725)
[stacktrace]
#0 C:\\laragon\\www\\laravel-bond\\vendor\\symfony\\console\\Application.php(262): Symfony\\Component\\Console\\Application->find('nova')
#1 C:\\laragon\\www\\laravel-bond\\vendor\\symfony\\console\\Application.php(174): Symfony\\Component\\Console\\Application->doRun(Object(Symfony\\Component\\Console\\Input\\ArgvInput), Object(Symfony\\Component\\Console\\Output\\ConsoleOutput))
#2 C:\\laragon\\www\\laravel-bond\\vendor\\laravel\\framework\\src\\Illuminate\\Foundation\\Console\\Kernel.php(200): Symfony\\Component\\Console\\Application->run(Object(Symfony\\Component\\Console\\Input\\ArgvInput), Object(Symfony\\Component\\Console\\Output\\ConsoleOutput))
#3 C:\\laragon\\www\\laravel-bond\\artisan(37): Illuminate\\Foundation\\Console\\Kernel->handle(Object(Symfony\\Component\\Console\\Input\\ArgvInput), Object(Symfony\\Component\\Console\\Output\\ConsoleOutput))
#4 {main}
"} 
[2023-06-16 00:37:18] production.ERROR: SQLSTATE[HY000] [1045] Access denied for user 'forge'@'localhost' (using password: NO) (Connection: mysql, SQL: select count(*) as aggregate from `telescope_entries` where `type` = exception and `family_hash` = 39031e3a875eb057d6579b3dcafe8ed9) {"exception":"[object] (Illuminate\\Database\\QueryException(code: 1045): SQLSTATE[HY000] [1045] Access denied for user 'forge'@'localhost' (using password: NO) (Connection: mysql, SQL: select count(*) as aggregate from `telescope_entries` where `type` = exception and `family_hash` = 39031e3a875eb057d6579b3dcafe8ed9) at C:\\laragon\\www\\laravel-bond\\vendor\\laravel\\framework\\src\\Illuminate\\Database\\Connection.php:795)
[stacktrace]
#0 C:\\laragon\\www\\laravel-bond\\vendor\\laravel\\framework\\src\\Illuminate\\Database\\Connection.php(755): Illuminate\\Database\\Connection->runQueryCallback('select count(*)...', Array, Object(Closure))
#1 C:\\laragon\\www\\laravel-bond\\vendor\\laravel\\framework\\src\\Illuminate\\Database\\Connection.php(424): Illuminate\\Database\\Connection->run('select count(*)...', Array, Object(Closure))
#2 C:\\laragon\\www\\laravel-bond\\vendor\\laravel\\framework\\src\\Illuminate\\Database\\Query\\Builder.php(2736): Illuminate\\Database\\Connection->select('select count(*)...', Array, true)
#3 C:\\laragon\\www\\laravel-bond\\vendor\\laravel\\framework\\src\\Illuminate\\Database\\Query\\Builder.php(2724): Illuminate\\Database\\Query\\Builder->runSelect()
#4 C:\\laragon\\www\\laravel-bond\\vendor\\laravel\\framework\\src\\Illuminate\\Database\\Query\\Builder.php(3278): Illuminate\\Database\\Query\\Builder->Illuminate\\Database\\Query\\{closure}()
#5 C:\\laragon\\www\\laravel-bond\\vendor\\laravel\\framework\\src\\Illuminate\\Database\\Query\\Builder.php(2725): Illuminate\\Database\\Query\\Builder->onceWithColumns(Array, Object(Closure))
#6 C:\\laragon\\www\\laravel-bond\\vendor\\laravel\\framework\\src\\Illuminate\\Database\\Query\\Builder.php(3205): Illuminate\\Database\\Query\\Builder->get(Array)
#7 C:\\laragon\\www\\laravel-bond\\vendor\\laravel\\framework\\src\\Illuminate\\Database\\Query\\Builder.php(3133): Illuminate\\Database\\Query\\Builder->aggregate('count', Array)
#8 C:\\laragon\\www\\laravel-bond\\vendor\\laravel\\telescope\\src\\Storage\\DatabaseEntriesRepository.php(122): Illuminate\\Database\\Query\\Builder->count()
#9 C:\\laragon\\www\\laravel-bond\\vendor\\laravel\\telescope\\src\\Storage\\DatabaseEntriesRepository.php(164): Laravel\\Telescope\\Storage\\DatabaseEntriesRepository->countExceptionOccurences(Object(Laravel\\Telescope\\IncomingExceptionEntry))
#10 [internal function]: Laravel\\Telescope\\Storage\\DatabaseEntriesRepository->Laravel\\Telescope\\Storage\\{closure}(Object(Laravel\\Telescope\\IncomingExceptionEntry), 0)
#11 C:\\laragon\\www\\laravel-bond\\vendor\\laravel\\framework\\src\\Illuminate\\Collections\\Arr.php(558): array_map(Object(Closure), Array, Array)
#12 C:\\laragon\\www\\laravel-bond\\vendor\\laravel\\framework\\src\\Illuminate\\Collections\\Collection.php(771): Illuminate\\Support\\Arr::map(Array, Object(Closure))
#13 C:\\laragon\\www\\laravel-bond\\vendor\\laravel\\telescope\\src\\Storage\\DatabaseEntriesRepository.php(177): Illuminate\\Support\\Collection->map(Object(Closure))
#14 C:\\laragon\\www\\laravel-bond\\vendor\\laravel\\framework\\src\\Illuminate\\Collections\\Traits\\EnumeratesValues.php(236): Laravel\\Telescope\\Storage\\DatabaseEntriesRepository->Laravel\\Telescope\\Storage\\{closure}(Object(Illuminate\\Support\\Collection), 0)
#15 C:\\laragon\\www\\laravel-bond\\vendor\\laravel\\telescope\\src\\Storage\\DatabaseEntriesRepository.php(178): Illuminate\\Support\\Collection->each(Object(Closure))
#16 C:\\laragon\\www\\laravel-bond\\vendor\\laravel\\telescope\\src\\Storage\\DatabaseEntriesRepository.php(139): Laravel\\Telescope\\Storage\\DatabaseEntriesRepository->storeExceptions(Object(Illuminate\\Support\\Collection))
#17 C:\\laragon\\www\\laravel-bond\\vendor\\laravel\\telescope\\src\\Telescope.php(668): Laravel\\Telescope\\Storage\\DatabaseEntriesRepository->store(Object(Illuminate\\Support\\Collection))
#18 [internal function]: Laravel\\Telescope\\Telescope::Laravel\\Telescope\\{closure}()
#19 C:\\laragon\\www\\laravel-bond\\vendor\\laravel\\telescope\\src\\Telescope.php(293): call_user_func(Object(Closure))
#20 C:\\laragon\\www\\laravel-bond\\vendor\\laravel\\telescope\\src\\Telescope.php(683): Laravel\\Telescope\\Telescope::withoutRecording(Object(Closure))
#21 C:\\laragon\\www\\laravel-bond\\vendor\\laravel\\telescope\\src\\ListensForStorageOpportunities.php(65): Laravel\\Telescope\\Telescope::store(Object(Laravel\\Telescope\\Storage\\DatabaseEntriesRepository))
#22 C:\\laragon\\www\\laravel-bond\\vendor\\laravel\\framework\\src\\Illuminate\\Container\\BoundMethod.php(36): Laravel\\Telescope\\Telescope::Laravel\\Telescope\\{closure}()
#23 C:\\laragon\\www\\laravel-bond\\vendor\\laravel\\framework\\src\\Illuminate\\Container\\Util.php(41): Illuminate\\Container\\BoundMethod::Illuminate\\Container\\{closure}()
#24 C:\\laragon\\www\\laravel-bond\\vendor\\laravel\\framework\\src\\Illuminate\\Container\\BoundMethod.php(81): Illuminate\\Container\\Util::unwrapIfClosure(Object(Closure))
#25 C:\\laragon\\www\\laravel-bond\\vendor\\laravel\\framework\\src\\Illuminate\\Container\\BoundMethod.php(37): Illuminate\\Container\\BoundMethod::callBoundMethod(Object(Illuminate\\Foundation\\Application), Object(Closure), Object(Closure))
#26 C:\\laragon\\www\\laravel-bond\\vendor\\laravel\\framework\\src\\Illuminate\\Container\\Container.php(662): Illuminate\\Container\\BoundMethod::call(Object(Illuminate\\Foundation\\Application), Object(Closure), Array, NULL)
#27 C:\\laragon\\www\\laravel-bond\\vendor\\laravel\\framework\\src\\Illuminate\\Foundation\\Application.php(1250): Illuminate\\Container\\Container->call(Object(Closure))
#28 C:\\laragon\\www\\laravel-bond\\vendor\\laravel\\framework\\src\\Illuminate\\Foundation\\Console\\Kernel.php(219): Illuminate\\Foundation\\Application->terminate()
#29 C:\\laragon\\www\\laravel-bond\\artisan(51): Illuminate\\Foundation\\Console\\Kernel->terminate(Object(Symfony\\Component\\Console\\Input\\ArgvInput), 1)
#30 {main}

[previous exception] [object] (PDOException(code: 1045): SQLSTATE[HY000] [1045] Access denied for user 'forge'@'localhost' (using password: NO) at C:\\laragon\\www\\laravel-bond\\vendor\\laravel\\framework\\src\\Illuminate\\Database\\Connectors\\Connector.php:65)
[stacktrace]
#0 C:\\laragon\\www\\laravel-bond\\vendor\\laravel\\framework\\src\\Illuminate\\Database\\Connectors\\Connector.php(65): PDO->__construct('mysql:host=127....', 'forge', '', Array)
#1 C:\\laragon\\www\\laravel-bond\\vendor\\laravel\\framework\\src\\Illuminate\\Database\\Connectors\\Connector.php(45): Illuminate\\Database\\Connectors\\Connector->createPdoConnection('mysql:host=127....', 'forge', '', Array)
#2 C:\\laragon\\www\\laravel-bond\\vendor\\laravel\\framework\\src\\Illuminate\\Database\\Connectors\\MySqlConnector.php(24): Illuminate\\Database\\Connectors\\Connector->createConnection('mysql:host=127....', Array, Array)
#3 C:\\laragon\\www\\laravel-bond\\vendor\\laravel\\framework\\src\\Illuminate\\Database\\Connectors\\ConnectionFactory.php(184): Illuminate\\Database\\Connectors\\MySqlConnector->connect(Array)
#4 [internal function]: Illuminate\\Database\\Connectors\\ConnectionFactory->Illuminate\\Database\\Connectors\\{closure}()
#5 C:\\laragon\\www\\laravel-bond\\vendor\\laravel\\framework\\src\\Illuminate\\Database\\Connection.php(1275): call_user_func(Object(Closure))
#6 C:\\laragon\\www\\laravel-bond\\vendor\\laravel\\framework\\src\\Illuminate\\Database\\Connection.php(1311): Illuminate\\Database\\Connection->getPdo()
#7 C:\\laragon\\www\\laravel-bond\\vendor\\laravel\\framework\\src\\Illuminate\\Database\\Connection.php(521): Illuminate\\Database\\Connection->getReadPdo()
#8 C:\\laragon\\www\\laravel-bond\\vendor\\laravel\\framework\\src\\Illuminate\\Database\\Connection.php(416): Illuminate\\Database\\Connection->getPdoForSelect(true)
#9 C:\\laragon\\www\\laravel-bond\\vendor\\laravel\\framework\\src\\Illuminate\\Database\\Connection.php(788): Illuminate\\Database\\Connection->Illuminate\\Database\\{closure}('select count(*)...', Array)
#10 C:\\laragon\\www\\laravel-bond\\vendor\\laravel\\framework\\src\\Illuminate\\Database\\Connection.php(755): Illuminate\\Database\\Connection->runQueryCallback('select count(*)...', Array, Object(Closure))
#11 C:\\laragon\\www\\laravel-bond\\vendor\\laravel\\framework\\src\\Illuminate\\Database\\Connection.php(424): Illuminate\\Database\\Connection->run('select count(*)...', Array, Object(Closure))
#12 C:\\laragon\\www\\laravel-bond\\vendor\\laravel\\framework\\src\\Illuminate\\Database\\Query\\Builder.php(2736): Illuminate\\Database\\Connection->select('select count(*)...', Array, true)
#13 C:\\laragon\\www\\laravel-bond\\vendor\\laravel\\framework\\src\\Illuminate\\Database\\Query\\Builder.php(2724): Illuminate\\Database\\Query\\Builder->runSelect()
#14 C:\\laragon\\www\\laravel-bond\\vendor\\laravel\\framework\\src\\Illuminate\\Database\\Query\\Builder.php(3278): Illuminate\\Database\\Query\\Builder->Illuminate\\Database\\Query\\{closure}()
#15 C:\\laragon\\www\\laravel-bond\\vendor\\laravel\\framework\\src\\Illuminate\\Database\\Query\\Builder.php(2725): Illuminate\\Database\\Query\\Builder->onceWithColumns(Array, Object(Closure))
#16 C:\\laragon\\www\\laravel-bond\\vendor\\laravel\\framework\\src\\Illuminate\\Database\\Query\\Builder.php(3205): Illuminate\\Database\\Query\\Builder->get(Array)
#17 C:\\laragon\\www\\laravel-bond\\vendor\\laravel\\framework\\src\\Illuminate\\Database\\Query\\Builder.php(3133): Illuminate\\Database\\Query\\Builder->aggregate('count', Array)
#18 C:\\laragon\\www\\laravel-bond\\vendor\\laravel\\telescope\\src\\Storage\\DatabaseEntriesRepository.php(122): Illuminate\\Database\\Query\\Builder->count()
#19 C:\\laragon\\www\\laravel-bond\\vendor\\laravel\\telescope\\src\\Storage\\DatabaseEntriesRepository.php(164): Laravel\\Telescope\\Storage\\DatabaseEntriesRepository->countExceptionOccurences(Object(Laravel\\Telescope\\IncomingExceptionEntry))
#20 [internal function]: Laravel\\Telescope\\Storage\\DatabaseEntriesRepository->Laravel\\Telescope\\Storage\\{closure}(Object(Laravel\\Telescope\\IncomingExceptionEntry), 0)
#21 C:\\laragon\\www\\laravel-bond\\vendor\\laravel\\framework\\src\\Illuminate\\Collections\\Arr.php(558): array_map(Object(Closure), Array, Array)
#22 C:\\laragon\\www\\laravel-bond\\vendor\\laravel\\framework\\src\\Illuminate\\Collections\\Collection.php(771): Illuminate\\Support\\Arr::map(Array, Object(Closure))
#23 C:\\laragon\\www\\laravel-bond\\vendor\\laravel\\telescope\\src\\Storage\\DatabaseEntriesRepository.php(177): Illuminate\\Support\\Collection->map(Object(Closure))
#24 C:\\laragon\\www\\laravel-bond\\vendor\\laravel\\framework\\src\\Illuminate\\Collections\\Traits\\EnumeratesValues.php(236): Laravel\\Telescope\\Storage\\DatabaseEntriesRepository->Laravel\\Telescope\\Storage\\{closure}(Object(Illuminate\\Support\\Collection), 0)
#25 C:\\laragon\\www\\laravel-bond\\vendor\\laravel\\telescope\\src\\Storage\\DatabaseEntriesRepository.php(178): Illuminate\\Support\\Collection->each(Object(Closure))
#26 C:\\laragon\\www\\laravel-bond\\vendor\\laravel\\telescope\\src\\Storage\\DatabaseEntriesRepository.php(139): Laravel\\Telescope\\Storage\\DatabaseEntriesRepository->storeExceptions(Object(Illuminate\\Support\\Collection))
#27 C:\\laragon\\www\\laravel-bond\\vendor\\laravel\\telescope\\src\\Telescope.php(668): Laravel\\Telescope\\Storage\\DatabaseEntriesRepository->store(Object(Illuminate\\Support\\Collection))
#28 [internal function]: Laravel\\Telescope\\Telescope::Laravel\\Telescope\\{closure}()
#29 C:\\laragon\\www\\laravel-bond\\vendor\\laravel\\telescope\\src\\Telescope.php(293): call_user_func(Object(Closure))
#30 C:\\laragon\\www\\laravel-bond\\vendor\\laravel\\telescope\\src\\Telescope.php(683): Laravel\\Telescope\\Telescope::withoutRecording(Object(Closure))
#31 C:\\laragon\\www\\laravel-bond\\vendor\\laravel\\telescope\\src\\ListensForStorageOpportunities.php(65): Laravel\\Telescope\\Telescope::store(Object(Laravel\\Telescope\\Storage\\DatabaseEntriesRepository))
#32 C:\\laragon\\www\\laravel-bond\\vendor\\laravel\\framework\\src\\Illuminate\\Container\\BoundMethod.php(36): Laravel\\Telescope\\Telescope::Laravel\\Telescope\\{closure}()
#33 C:\\laragon\\www\\laravel-bond\\vendor\\laravel\\framework\\src\\Illuminate\\Container\\Util.php(41): Illuminate\\Container\\BoundMethod::Illuminate\\Container\\{closure}()
#34 C:\\laragon\\www\\laravel-bond\\vendor\\laravel\\framework\\src\\Illuminate\\Container\\BoundMethod.php(81): Illuminate\\Container\\Util::unwrapIfClosure(Object(Closure))
#35 C:\\laragon\\www\\laravel-bond\\vendor\\laravel\\framework\\src\\Illuminate\\Container\\BoundMethod.php(37): Illuminate\\Container\\BoundMethod::callBoundMethod(Object(Illuminate\\Foundation\\Application), Object(Closure), Object(Closure))
#36 C:\\laragon\\www\\laravel-bond\\vendor\\laravel\\framework\\src\\Illuminate\\Container\\Container.php(662): Illuminate\\Container\\BoundMethod::call(Object(Illuminate\\Foundation\\Application), Object(Closure), Array, NULL)
#37 C:\\laragon\\www\\laravel-bond\\vendor\\laravel\\framework\\src\\Illuminate\\Foundation\\Application.php(1250): Illuminate\\Container\\Container->call(Object(Closure))
#38 C:\\laragon\\www\\laravel-bond\\vendor\\laravel\\framework\\src\\Illuminate\\Foundation\\Console\\Kernel.php(219): Illuminate\\Foundation\\Application->terminate()
#39 C:\\laragon\\www\\laravel-bond\\artisan(51): Illuminate\\Foundation\\Console\\Kernel->terminate(Object(Symfony\\Component\\Console\\Input\\ArgvInput), 1)
#40 {main}
"} 
